Build started 2016-03-17 18:41:39.
     1>Project "C:\Users\Win\Documents\C371Proj\VS2013\HW_Template.vcxproj" on node 2 (Build target(s)).
     1>C:\Program Files (x86)\MSBuild\Microsoft.Cpp\v4.0\V120\Microsoft.CppBuild.targets(364,5): warning MSB8004: Output Directory does not end with a trailing slash.  This build instance will add the slash as it is required to allow proper evaluation of the Output Directory.
     1>C:\Program Files (x86)\MSBuild\Microsoft.Cpp\v4.0\V120\Microsoft.CppBuild.targets(388,5): warning MSB8028: The intermediate directory (C:\Users\Win\Documents\C371Proj\VS2013\/../Build/Debug/) contains files shared from another project (HW_Template.vcxproj).  This can lead to incorrect clean and rebuild behavior.
     1>ClCompile:
         C:\Program Files (x86)\Microsoft Visual Studio 12.0\VC\bin\CL.exe /c /I"..\ThirdParty\Simple OpenGL Image Library" /I"..\ThirdParty\assimp-3.2" /I../ThirdParty/glew /I../ThirdParty/glm /I../ThirdParty/glfw /I../ThirdParty/cimg /ZI /nologo /W3 /WX- /sdl /Od /Oy- /D _MBCS /Gm /EHsc /RTC1 /MDd /GS /fp:precise /Zc:wchar_t /Zc:forScope /Fo"C:\Users\Win\Documents\C371Proj\VS2013\/../Build/Debug/" /Fd"C:\Users\Win\Documents\C371Proj\VS2013\/../Build/Debug/vc120.pdb" /Gd /TP /analyze- /errorReport:prompt Thing.cpp main.cpp
         main.cpp
     1>c:\users\win\documents\c371proj\vs2013\shader.h(62): warning C4101: 'success' : unreferenced local variable
     1>c:\users\win\documents\c371proj\vs2013\shader.h(63): warning C4101: 'infoLog' : unreferenced local variable
     1>c:\users\win\documents\c371proj\vs2013\main.cpp(109): warning C4244: 'initializing' : conversion from 'double' to 'GLfloat', possible loss of data
     1>c:\users\win\documents\c371proj\vs2013\main.cpp(155): warning C4305: 'argument' : truncation from 'double' to 'GLfloat'
     1>c:\users\win\documents\c371proj\vs2013\main.cpp(155): warning C4316: 'Thing' : object allocated on the heap may not be aligned 16
     1>c:\users\win\documents\c371proj\vs2013\main.cpp(161): warning C4018: '<' : signed/unsigned mismatch
     1>c:\users\win\documents\c371proj\vs2013\main.cpp(202): warning C4244: '=' : conversion from 'double' to 'GLfloat', possible loss of data
     1>c:\users\win\documents\c371proj\vs2013\main.cpp(203): warning C4244: '=' : conversion from 'double' to 'GLfloat', possible loss of data
     1>c:\users\win\documents\c371proj\vs2013\main.cpp(207): warning C4244: 'initializing' : conversion from 'double' to 'GLfloat', possible loss of data
     1>c:\users\win\documents\c371proj\vs2013\main.cpp(208): warning C4244: 'initializing' : conversion from 'double' to 'GLfloat', possible loss of data
     1>c:\users\win\documents\c371proj\vs2013\main.cpp(210): warning C4244: '=' : conversion from 'double' to 'GLfloat', possible loss of data
     1>c:\users\win\documents\c371proj\vs2013\main.cpp(211): warning C4244: '=' : conversion from 'double' to 'GLfloat', possible loss of data
     1>c:\users\win\documents\c371proj\vs2013\main.cpp(218): warning C4244: 'argument' : conversion from 'double' to 'GLfloat', possible loss of data
         Generating Code...
         Skipping... (no relevant changes detected)
         Thing.cpp
       Link:
         C:\Program Files (x86)\Microsoft Visual Studio 12.0\VC\bin\link.exe /ERRORREPORT:PROMPT /OUT:"C:\Users\Win\Documents\C371Proj\VS2013\/../Bin/.\C371Proj-Debug.exe" /INCREMENTAL /NOLOGO /LIBPATH:"..\ThirdParty\Simple OpenGL Image Library\projects\VC9\Debug" /LIBPATH:"..\ThirdParty\assimp-3.2\build\code\Debug" /LIBPATH:../ThirdParty/glew /LIBPATH:../ThirdParty/glfw/ opengl32.lib glew32s.lib glew32.lib glfw3.lib kernel32.lib "assimp-vc120-mtd.lib" user32.lib gdi32.lib winspool.lib comdlg32.lib advapi32.lib shell32.lib ole32.lib oleaut32.lib uuid.lib odbc32.lib odbccp32.lib SOIL.lib kernel32.lib user32.lib gdi32.lib winspool.lib comdlg32.lib advapi32.lib shell32.lib ole32.lib oleaut32.lib uuid.lib odbc32.lib odbccp32.lib /MANIFEST /MANIFESTUAC:"level='asInvoker' uiAccess='false'" /manifest:embed /DEBUG /PDB:"C:\Users\Win\Documents\C371Proj\VS2013\/../Bin/.\C371Proj-Debug.pdb" /TLBID:1 /DYNAMICBASE /NXCOMPAT /IMPLIB:"C:\Users\Win\Documents\C371Proj\VS2013\/../Bin/.\C371Proj-Debug.lib" /MACHINE:X86 C:\Users\Win\Documents\C371Proj\VS2013\/../Build/Debug/main.obj
         C:\Users\Win\Documents\C371Proj\VS2013\/../Build/Debug/Mesh.obj
         C:\Users\Win\Documents\C371Proj\VS2013\/../Build/Debug/Model.obj
         C:\Users\Win\Documents\C371Proj\VS2013\/../Build/Debug/Thing.obj
         HW_Template.vcxproj -> C:\Users\Win\Documents\C371Proj\VS2013\/../Bin/.\C371Proj-Debug.exe
     1>Done Building Project "C:\Users\Win\Documents\C371Proj\VS2013\HW_Template.vcxproj" (Build target(s)).

Build succeeded.

Time Elapsed 00:00:00.88
